<?xml version="1.0" encoding="UTF-8"?>
<!-- Generated by org.testng.reporters.JUnitReportReporter -->
<testsuite hostname="VarunC" failures="0" tests="1" name="main.baseTest" time="1.619" errors="0" timestamp="2024-09-07T11:54:15 IST" skipped="0">
  <testcase classname="main.baseTest" name="runChrome" time="1.619"/>
  <system-out/>
</testsuite> <!-- main.baseTest -->
