<?xml version="1.0" encoding="UTF-8"?>
<!-- Generated by org.testng.reporters.JUnitReportReporter -->
<testsuite hostname="VarunC" failures="0" tests="1" name="testCases.T01" time="0.480" errors="0" timestamp="2024-09-08T17:03:41 IST" skipped="0">
  <testcase classname="testCases.T01" name="titleVerification" time="0.480"/>
  <system-out/>
</testsuite> <!-- testCases.T01 -->
