<?xml version="1.0" encoding="UTF-8"?>
<!-- Generated by org.testng.reporters.JUnitReportReporter -->
<testsuite hostname="VarunC" failures="0" tests="1" name="testCases.T03" time="8.913" errors="0" timestamp="2024-09-08T17:16:21 IST" skipped="0">
  <testcase classname="testCases.T03" name="pricingDetails" time="8.913"/>
  <system-out/>
</testsuite> <!-- testCases.T03 -->
