<?xml version="1.0" encoding="UTF-8"?>
<!-- Generated by org.testng.reporters.JUnitReportReporter -->
<testsuite hostname="VarunC" failures="0" tests="1" name="Varun.SeleniumTests.testng" time="0.022" errors="0" timestamp="2024-09-07T10:59:55 IST" skipped="0">
  <testcase classname="Varun.SeleniumTests.testng" name="launch" time="0.022"/>
  <system-out/>
</testsuite> <!-- Varun.SeleniumTests.testng -->
