<?xml version="1.0" encoding="UTF-8"?>
<!-- Generated by org.testng.reporters.JUnitReportReporter -->
<testsuite hostname="VarunC" failures="0" tests="1" name="testCases.T02" time="6.050" errors="0" timestamp="2024-09-08T17:04:19 IST" skipped="0">
  <testcase classname="testCases.T02" name="watchDemo" time="6.050"/>
  <system-out/>
</testsuite> <!-- testCases.T02 -->
